# JRE version: Java(TM) SE Runtime Environment (21.0.1+12) (build 21.0.1+12-LTS-29)
# Java VM: Java HotSpot(TM) 64-Bit Server VM (21.0.1+12-LTS-29, mixed mode, sharing, tiered, compressed oops, compressed class ptrs, g1 gc, windows-amd64)
GC Precious Log:
 CardTable entry size: 512
 Card Set container configuration: InlinePtr #cards 5 size 8 Array Of Cards #cards 12 size 40 Howl #buckets 4 coarsen threshold 1843 Howl Bitmap #cards 512 size 80 coarsen threshold 460 Card regions per heap region 1 cards per card region 2048
 CPUs: 4 total, 4 available
 Memory: 8073M
 Large Page Support: Disabled
 NUMA Support: Disabled
 Compressed Oops: Enabled (32-bit)
 Heap Region Size: 1M
 Heap Min Capacity: 8M
 Heap Initial Capacity: 128M
 Heap Max Capacity: 2020M
 Pre-touch: Disabled
 Parallel Workers: 4
 Concurrent Workers: 1
 Concurrent Refinement Workers: 4
 Periodic GC: Disabled
Heap:
 garbage-first heap   total 65536K, used 40155K [0x0000000081c00000, 0x0000000100000000)
  region size 1024K, 6 young (6144K), 2 survivors (2048K)
 Metaspace       used 70613K, committed 71296K, reserved 1114112K
  class space    used 9315K, committed 9600K, reserved 1048576K
GC Heap History (20 events):
Event: 12.060 GC heap before
{Heap before GC invocations=10 (full 0):
 garbage-first heap   total 55296K, used 46521K [0x0000000081c00000, 0x0000000100000000)
  region size 1024K, 28 young (28672K), 3 survivors (3072K)
 Metaspace       used 46746K, committed 47296K, reserved 1114112K
  class space    used 5951K, committed 6208K, reserved 1048576K
}
Event: 12.072 GC heap after
{Heap after GC invocations=11 (full 0):
 garbage-first heap   total 55296K, used 24858K [0x0000000081c00000, 0x0000000100000000)
  region size 1024K, 4 young (4096K), 4 survivors (4096K)
 Metaspace       used 46746K, committed 47296K, reserved 1114112K
  class space    used 5951K, committed 6208K, reserved 1048576K
}
Event: 13.533 GC heap before
{Heap before GC invocations=11 (full 0):
 garbage-first heap   total 55296K, used 46362K [0x0000000081c00000, 0x0000000100000000)
  region size 1024K, 25 young (25600K), 4 survivors (4096K)
 Metaspace       used 51268K, committed 51840K, reserved 1114112K
  class space    used 6539K, committed 6784K, reserved 1048576K
}
Event: 13.542 GC heap after
{Heap after GC invocations=12 (full 0):
 garbage-first heap   total 55296K, used 25930K [0x0000000081c00000, 0x0000000100000000)
  region size 1024K, 2 young (2048K), 2 survivors (2048K)
 Metaspace       used 51268K, committed 51840K, reserved 1114112K
  class space    used 6539K, committed 6784K, reserved 1048576K
}
Event: 14.915 GC heap before
{Heap before GC invocations=12 (full 0):
 garbage-first heap   total 55296K, used 46410K [0x0000000081c00000, 0x0000000100000000)
  region size 1024K, 23 young (23552K), 2 survivors (2048K)
 Metaspace       used 58370K, committed 58880K, reserved 1114112K
  class space    used 7656K, committed 7872K, reserved 1048576K
}
Event: 14.921 GC heap after
{Heap after GC invocations=13 (full 0):
 garbage-first heap   total 55296K, used 27141K [0x0000000081c00000, 0x0000000100000000)
  region size 1024K, 2 young (2048K), 2 survivors (2048K)
 Metaspace       used 58370K, committed 58880K, reserved 1114112K
  class space    used 7656K, committed 7872K, reserved 1048576K
}
Event: 15.546 GC heap before
{Heap before GC invocations=13 (full 0):
 garbage-first heap   total 55296K, used 47621K [0x0000000081c00000, 0x0000000100000000)
  region size 1024K, 22 young (22528K), 2 survivors (2048K)
 Metaspace       used 59560K, committed 60096K, reserved 1114112K
  class space    used 7784K, committed 8000K, reserved 1048576K
}
Event: 15.550 GC heap after
{Heap after GC invocations=14 (full 0):
 garbage-first heap   total 55296K, used 27520K [0x0000000081c00000, 0x0000000100000000)
  region size 1024K, 2 young (2048K), 2 survivors (2048K)
 Metaspace       used 59560K, committed 60096K, reserved 1114112K
  class space    used 7784K, committed 8000K, reserved 1048576K
}
Event: 16.722 GC heap before
{Heap before GC invocations=15 (full 0):
 garbage-first heap   total 55296K, used 46976K [0x0000000081c00000, 0x0000000100000000)
  region size 1024K, 22 young (22528K), 2 survivors (2048K)
 Metaspace       used 63496K, committed 64192K, reserved 1114112K
  class space    used 8372K, committed 8704K, reserved 1048576K
}
Event: 16.730 GC heap after
{Heap after GC invocations=16 (full 0):
 garbage-first heap   total 55296K, used 29551K [0x0000000081c00000, 0x0000000100000000)
  region size 1024K, 3 young (3072K), 3 survivors (3072K)
 Metaspace       used 63496K, committed 64192K, reserved 1114112K
  class space    used 8372K, committed 8704K, reserved 1048576K
}
Event: 17.695 GC heap before
{Heap before GC invocations=16 (full 0):
 garbage-first heap   total 55296K, used 46959K [0x0000000081c00000, 0x0000000100000000)
  region size 1024K, 21 young (21504K), 3 survivors (3072K)
 Metaspace       used 66861K, committed 67584K, reserved 1114112K
  class space    used 8826K, committed 9152K, reserved 1048576K
}
Event: 17.706 GC heap after
{Heap after GC invocations=17 (full 0):
 garbage-first heap   total 55296K, used 31025K [0x0000000081c00000, 0x0000000100000000)
  region size 1024K, 2 young (2048K), 2 survivors (2048K)
 Metaspace       used 66861K, committed 67584K, reserved 1114112K
  class space    used 8826K, committed 9152K, reserved 1048576K
}
Event: 18.154 GC heap before
{Heap before GC invocations=17 (full 0):
 garbage-first heap   total 55296K, used 48433K [0x0000000081c00000, 0x0000000100000000)
  region size 1024K, 19 young (19456K), 2 survivors (2048K)
 Metaspace       used 67516K, committed 68224K, reserved 1114112K
  class space    used 8880K, committed 9216K, reserved 1048576K
}
Event: 18.164 GC heap after
{Heap after GC invocations=18 (full 0):
 garbage-first heap   total 55296K, used 33128K [0x0000000081c00000, 0x0000000100000000)
  region size 1024K, 2 young (2048K), 2 survivors (2048K)
 Metaspace       used 67516K, committed 68224K, reserved 1114112K
  class space    used 8880K, committed 9216K, reserved 1048576K
}
Event: 18.696 GC heap before
{Heap before GC invocations=19 (full 0):
 garbage-first heap   total 61440K, used 49512K [0x0000000081c00000, 0x0000000100000000)
  region size 1024K, 18 young (18432K), 2 survivors (2048K)
 Metaspace       used 67757K, committed 68416K, reserved 1114112K
  class space    used 8921K, committed 9216K, reserved 1048576K
}
Event: 18.707 GC heap after
{Heap after GC invocations=20 (full 0):
 garbage-first heap   total 61440K, used 34551K [0x0000000081c00000, 0x0000000100000000)
  region size 1024K, 2 young (2048K), 2 survivors (2048K)
 Metaspace       used 67757K, committed 68416K, reserved 1114112K
  class space    used 8921K, committed 9216K, reserved 1048576K
}
Event: 19.353 GC heap before
{Heap before GC invocations=20 (full 0):
 garbage-first heap   total 61440K, used 54007K [0x0000000081c00000, 0x0000000100000000)
  region size 1024K, 22 young (22528K), 2 survivors (2048K)
 Metaspace       used 68923K, committed 69568K, reserved 1114112K
  class space    used 9060K, committed 9344K, reserved 1048576K
}
Event: 19.368 GC heap after
{Heap after GC invocations=21 (full 0):
 garbage-first heap   total 61440K, used 35489K [0x0000000081c00000, 0x0000000100000000)
  region size 1024K, 3 young (3072K), 3 survivors (3072K)
 Metaspace       used 68923K, committed 69568K, reserved 1114112K
  class space    used 9060K, committed 9344K, reserved 1048576K
}
Event: 20.055 GC heap before
{Heap before GC invocations=21 (full 0):
 garbage-first heap   total 61440K, used 54945K [0x0000000081c00000, 0x0000000100000000)
  region size 1024K, 22 young (22528K), 3 survivors (3072K)
 Metaspace       used 70338K, committed 71104K, reserved 1114112K
  class space    used 9275K, committed 9600K, reserved 1048576K
}
Event: 20.064 GC heap after
{Heap after GC invocations=22 (full 0):
 garbage-first heap   total 61440K, used 37083K [0x0000000081c00000, 0x0000000100000000)
  region size 1024K, 2 young (2048K), 2 survivors (2048K)
 Metaspace       used 70338K, committed 71104K, reserved 1114112K
  class space    used 9275K, committed 9600K, reserved 1048576K
}

